<?xml version="1.0" encoding="UTF-8"?>
<!-- Generated by org.testng.reporters.JUnitReportReporter -->
<testsuite hostname="DESKTOP-UMFO1FN" failures="0" tests="1" name="com.Utilities.Baseclass" time="33.457" errors="0" timestamp="2023-04-24T13:11:01 IST" skipped="0">
  <testcase classname="com.Utilities.Baseclass" name="browserLaunch" time="33.457"/>
  <system-out/>
</testsuite> <!-- com.Utilities.Baseclass -->
